#
# There is insufficient memory for the Java Runtime Environment to continue.
# Native memory allocation (malloc) failed to allocate 32744 bytes for ChunkPool::allocate
# Possible reasons:
#   The system is out of physical RAM or swap space
#   In 32 bit mode, the process size limit was hit
# Possible solutions:
#   Reduce memory load on the system
#   Increase physical memory or swap space
#   Check if swap backing store is full
#   Use 64 bit Java on a 64 bit OS
#   Decrease Java heap size (-Xmx/-Xms)
#   Decrease number of Java threads
#   Decrease Java thread stack sizes (-Xss)
#   Set larger code cache with -XX:ReservedCodeCacheSize=
# This output file may be truncated or incomplete.
#
#  Out of Memory Error (allocation.cpp:273), pid=28716, tid=0x0000000000005e1c
#
# JRE version: Java(TM) SE Runtime Environment (8.0_171-b11) (build 1.8.0_171-b11)
# Java VM: Java HotSpot(TM) 64-Bit Server VM (25.171-b11 mixed mode windows-amd64 compressed oops)
# Failed to write core dump. Minidumps are not enabled by default on client versions of Windows
#

---------------  T H R E A D  ---------------

Current thread (0x00000000031d8800):  JavaThread "C1 CompilerThread2" daemon [_thread_in_native, id=24092, stack(0x000000001a5d0000,0x000000001a6d0000)]

Stack: [0x000000001a5d0000,0x000000001a6d0000]
[error occurred during error reporting (printing stack bounds), id 0xc0000005]

Native frames: (J=compiled Java code, j=interpreted, Vv=VM code, C=native code)


Current CompileTask:
C1: 338425 3047       3       org.openqa.selenium.json.JsonOutput::<init> (413 bytes)


---------------  P R O C E S S  ---------------

Java Threads: ( => current thread )
  0x0000000003c1b800 JavaThread "Okio Watchdog" daemon [_thread_blocked, id=15172, stack(0x000000001afd0000,0x000000001b0d0000)]
  0x0000000003ac4000 JavaThread "OkHttp ConnectionPool" daemon [_thread_blocked, id=8900, stack(0x000000001aed0000,0x000000001afd0000)]
  0x00000000035fd800 JavaThread "Forwarding findElement on session a30c42620f854e53a8568ac6a0ab8c6c to remote" [_thread_in_native, id=28032, stack(0x000000001aad0000,0x000000001abd0000)]
  0x0000000003609800 JavaThread "ReaderThread" [_thread_in_native, id=23916, stack(0x000000001a9d0000,0x000000001aad0000)]
  0x00000000031f6800 JavaThread "Service Thread" daemon [_thread_blocked, id=21296, stack(0x000000001a6d0000,0x000000001a7d0000)]
=>0x00000000031d8800 JavaThread "C1 CompilerThread2" daemon [_thread_in_native, id=24092, stack(0x000000001a5d0000,0x000000001a6d0000)]
  0x000000000207b000 JavaThread "C2 CompilerThread1" daemon [_thread_blocked, id=26220, stack(0x000000001a4d0000,0x000000001a5d0000)]
  0x0000000002071000 JavaThread "C2 CompilerThread0" daemon [_thread_blocked, id=192, stack(0x000000001a3d0000,0x000000001a4d0000)]
  0x000000000206f000 JavaThread "Attach Listener" daemon [_thread_blocked, id=27960, stack(0x000000001a2d0000,0x000000001a3d0000)]
  0x000000000206d800 JavaThread "Signal Dispatcher" daemon [_thread_blocked, id=15616, stack(0x000000001a1d0000,0x000000001a2d0000)]
  0x000000000205a800 JavaThread "Finalizer" daemon [_thread_blocked, id=6880, stack(0x000000001a0d0000,0x000000001a1d0000)]
  0x0000000000814000 JavaThread "Reference Handler" daemon [_thread_blocked, id=18176, stack(0x0000000019fd0000,0x000000001a0d0000)]
  0x0000000000724000 JavaThread "main" [_thread_blocked, id=20908, stack(0x0000000006a10000,0x0000000006b10000)]

Other Threads:
  0x0000000002039000 VMThread [stack: 0x0000000019ed0000,0x0000000019fd0000] [id=27708]
  0x00000000031fb000 WatcherThread [stack: 0x000000001a7d0000,0x000000001a8d0000] [id=27976]

VM state:not at safepoint (normal execution)

VM Mutex/Monitor currently owned by a thread: None

Heap:
 PSYoungGen      total 38400K, used 21292K [0x00000000d5f00000, 0x00000000d8980000, 0x0000000100000000)
  eden space 33280K, 49% used [0x00000000d5f00000,0x00000000d6f00088,0x00000000d7f80000)
  from space 5120K, 95% used [0x00000000d7f80000,0x00000000d844b058,0x00000000d8480000)
  to   space 5120K, 0% used [0x00000000d8480000,0x00000000d8480000,0x00000000d8980000)
 ParOldGen       total 87552K, used 4492K [0x0000000081c00000, 0x0000000087180000, 0x00000000d5f00000)
  object space 87552K, 5% used [0x0000000081c00000,0x0000000082063210,0x0000000087180000)
 Metaspace       used 18554K, capacity 19294K, committed 19328K, reserved 1067008K
  class space    used 2234K, capacity 2411K, committed 2432K, reserved 1048576K

Card table byte_map: [0x0000000000bf0000,0x0000000000ff0000] byte_map_base: 0x00000000007e2000

Marking Bits: (ParMarkBitMap*) 0x00000000593608c0
 Begin Bits: [0x0000000015fb0000, 0x0000000017f40000)
 End Bits:   [0x0000000017f40000, 0x0000000019ed0000)

Polling page: 0x00000000006b0000

CodeCache: size=245760Kb used=8325Kb max_used=8336Kb free=237434Kb
 bounds [0x0000000006bb0000, 0x00000000073f0000, 0x0000000015bb0000]
 total_blobs=3181 nmethods=2738 adapters=354
 compilation: enabled

Compilation events (10 events):
Event: 337.847 Thread 0x00000000031d8800 nmethod 3044 0x000000000717d0d0 code [0x000000000717d220, 0x000000000717d3b0]
Event: 337.847 Thread 0x00000000031d8800 3045   !   3       okhttp3.internal.Util::closeQuietly (18 bytes)
Event: 337.847 Thread 0x00000000031d8800 nmethod 3045 0x00000000071c4510 code [0x00000000071c4680, 0x00000000071c4908]
Event: 337.847 Thread 0x00000000031d8800 3041       3       okhttp3.internal.http.HttpHeaders::hasBody (80 bytes)
Event: 337.848 Thread 0x00000000031d8800 nmethod 3041 0x0000000007194050 code [0x0000000007194260, 0x0000000007194fe8]
Event: 337.848 Thread 0x00000000031d8800 3042       3       okhttp3.internal.http.RealResponseBody::<init> (21 bytes)
Event: 337.848 Thread 0x00000000031d8800 nmethod 3042 0x0000000007174790 code [0x0000000007174900, 0x0000000007174b30]
Event: 338.347 Thread 0x00000000031d8800 3046       3       java.io.StringWriter::<init> (24 bytes)
Event: 338.347 Thread 0x00000000031d8800 nmethod 3046 0x0000000006f29ad0 code [0x0000000006f29c60, 0x0000000006f2a0b0]
Event: 338.348 Thread 0x00000000031d8800 3047       3       org.openqa.selenium.json.JsonOutput::<init> (413 bytes)

GC Heap History (6 events):
Event: 2.343 GC heap before
{Heap before GC invocations=1 (full 0):
 PSYoungGen      total 38400K, used 33280K [0x00000000d5f00000, 0x00000000d8980000, 0x0000000100000000)
  eden space 33280K, 100% used [0x00000000d5f00000,0x00000000d7f80000,0x00000000d7f80000)
  from space 5120K, 0% used [0x00000000d8480000,0x00000000d8480000,0x00000000d8980000)
  to   space 5120K, 0% used [0x00000000d7f80000,0x00000000d7f80000,0x00000000d8480000)
 ParOldGen       total 87552K, used 0K [0x0000000081c00000, 0x0000000087180000, 0x00000000d5f00000)
  object space 87552K, 0% used [0x0000000081c00000,0x0000000081c00000,0x0000000087180000)
 Metaspace       used 12132K, capacity 12444K, committed 12672K, reserved 1060864K
  class space    used 1438K, capacity 1546K, committed 1664K, reserved 1048576K
Event: 2.350 GC heap after
Heap after GC invocations=1 (full 0):
 PSYoungGen      total 38400K, used 5092K [0x00000000d5f00000, 0x00000000d8980000, 0x0000000100000000)
  eden space 33280K, 0% used [0x00000000d5f00000,0x00000000d5f00000,0x00000000d7f80000)
  from space 5120K, 99% used [0x00000000d7f80000,0x00000000d8479388,0x00000000d8480000)
  to   space 5120K, 0% used [0x00000000d8480000,0x00000000d8480000,0x00000000d8980000)
 ParOldGen       total 87552K, used 1201K [0x0000000081c00000, 0x0000000087180000, 0x00000000d5f00000)
  object space 87552K, 1% used [0x0000000081c00000,0x0000000081d2c5e0,0x0000000087180000)
 Metaspace       used 12132K, capacity 12444K, committed 12672K, reserved 1060864K
  class space    used 1438K, capacity 1546K, committed 1664K, reserved 1048576K
}
Event: 49.923 GC heap before
{Heap before GC invocations=2 (full 0):
 PSYoungGen      total 38400K, used 38372K [0x00000000d5f00000, 0x00000000d8980000, 0x0000000100000000)
  eden space 33280K, 100% used [0x00000000d5f00000,0x00000000d7f80000,0x00000000d7f80000)
  from space 5120K, 99% used [0x00000000d7f80000,0x00000000d8479388,0x00000000d8480000)
  to   space 5120K, 0% used [0x00000000d8480000,0x00000000d8480000,0x00000000d8980000)
 ParOldGen       total 87552K, used 1201K [0x0000000081c00000, 0x0000000087180000, 0x00000000d5f00000)
  object space 87552K, 1% used [0x0000000081c00000,0x0000000081d2c5e0,0x0000000087180000)
 Metaspace       used 17908K, capacity 18586K, committed 18816K, reserved 1064960K
  class space    used 2229K, capacity 2411K, committed 2432K, reserved 1048576K
Event: 49.934 GC heap after
Heap after GC invocations=2 (full 0):
 PSYoungGen      total 38400K, used 5104K [0x00000000d5f00000, 0x00000000d8980000, 0x0000000100000000)
  eden space 33280K, 0% used [0x00000000d5f00000,0x00000000d5f00000,0x00000000d7f80000)
  from space 5120K, 99% used [0x00000000d8480000,0x00000000d897c1b8,0x00000000d8980000)
  to   space 5120K, 0% used [0x00000000d7f80000,0x00000000d7f80000,0x00000000d8480000)
 ParOldGen       total 87552K, used 4476K [0x0000000081c00000, 0x0000000087180000, 0x00000000d5f00000)
  object space 87552K, 5% used [0x0000000081c00000,0x000000008205f210,0x0000000087180000)
 Metaspace       used 17908K, capacity 18586K, committed 18816K, reserved 1064960K
  class space    used 2229K, capacity 2411K, committed 2432K, reserved 1048576K
}
Event: 247.596 GC heap before
{Heap before GC invocations=3 (full 0):
 PSYoungGen      total 38400K, used 38384K [0x00000000d5f00000, 0x00000000d8980000, 0x0000000100000000)
  eden space 33280K, 100% used [0x00000000d5f00000,0x00000000d7f80000,0x00000000d7f80000)
  from space 5120K, 99% used [0x00000000d8480000,0x00000000d897c1b8,0x00000000d8980000)
  to   space 5120K, 0% used [0x00000000d7f80000,0x00000000d7f80000,0x00000000d8480000)
 ParOldGen       total 87552K, used 4476K [0x0000000081c00000, 0x0000000087180000, 0x00000000d5f00000)
  object space 87552K, 5% used [0x0000000081c00000,0x000000008205f210,0x0000000087180000)
 Metaspace       used 18472K, capacity 19226K, committed 19328K, reserved 1067008K
  class space    used 2229K, capacity 2411K, committed 2432K, reserved 1048576K
Event: 247.604 GC heap after
Heap after GC invocations=3 (full 0):
 PSYoungGen      total 38400K, used 4908K [0x00000000d5f00000, 0x00000000d8980000, 0x0000000100000000)
  eden space 33280K, 0% used [0x00000000d5f00000,0x00000000d5f00000,0x00000000d7f80000)
  from space 5120K, 95% used [0x00000000d7f80000,0x00000000d844b058,0x00000000d8480000)
  to   space 5120K, 0% used [0x00000000d8480000,0x00000000d8480000,0x00000000d8980000)
 ParOldGen       total 87552K, used 4492K [0x0000000081c00000, 0x0000000087180000, 0x00000000d5f00000)
  object space 87552K, 5% used [0x0000000081c00000,0x0000000082063210,0x0000000087180000)
 Metaspace       used 18472K, capacity 19226K, committed 19328K, reserved 1067008K
  class space    used 2229K, capacity 2411K, committed 2432K, reserved 1048576K
}

Deoptimization events (10 events):
Event: 2.870 Thread 0x00000000035fd800 Uncommon trap: reason=unstable_if action=reinterpret pc=0x0000000006f71ca8 method=java.util.regex.Pattern$BmpCharProperty.match(Ljava/util/regex/Matcher;ILjava/lang/CharSequence;)Z @ 34
Event: 2.939 Thread 0x00000000035fd800 Uncommon trap: reason=unstable_if action=reinterpret pc=0x0000000006ee72dc method=java.lang.CharacterDataLatin1.digit(II)I @ 82
Event: 3.850 Thread 0x00000000035fd800 Uncommon trap: reason=unstable_if action=reinterpret pc=0x0000000006ed29d4 method=java.lang.CharacterDataLatin1.digit(II)I @ 82
Event: 4.202 Thread 0x00000000035fd800 Uncommon trap: reason=unstable_if action=reinterpret pc=0x0000000006f992c4 method=java.util.Arrays.equals([B[B)Z @ 41
Event: 12.324 Thread 0x00000000035fd800 Uncommon trap: reason=class_check action=maybe_recompile pc=0x000000000706cac4 method=org.openqa.selenium.json.Input.init()V @ 18
Event: 12.324 Thread 0x00000000035fd800 Uncommon trap: reason=class_check action=maybe_recompile pc=0x000000000706cac4 method=org.openqa.selenium.json.Input.init()V @ 18
Event: 12.324 Thread 0x00000000035fd800 Uncommon trap: reason=class_check action=maybe_recompile pc=0x000000000706cac4 method=org.openqa.selenium.json.Input.init()V @ 18
Event: 12.324 Thread 0x00000000035fd800 Uncommon trap: reason=class_check action=maybe_recompile pc=0x000000000706cac4 method=org.openqa.selenium.json.Input.init()V @ 18
Event: 13.936 Thread 0x00000000035fd800 Uncommon trap: reason=unstable_if action=reinterpret pc=0x0000000007142964 method=java.util.concurrent.ConcurrentHashMap.putVal(Ljava/lang/Object;Ljava/lang/Object;Z)Ljava/lang/Object; @ 206
Event: 334.273 Thread 0x00000000035fd800 Uncommon trap: reason=unstable_if action=reinterpret pc=0x00000000073e1564 method=java.lang.Class.privateGetMethodRecursive(Ljava/lang/String;[Ljava/lang/Class;ZLjava/lang/Class$MethodArray;)Ljava/lang/reflect/Method; @ 63

Classes redefined (0 events):
No events

Internal exceptions (10 events):
Event: 332.885 Thread 0x00000000035fd800 Exception <a 'java/net/SocketTimeoutException': Read timed out> (0x00000000d6cd4878) thrown at [C:\re\workspace\8-2-build-windows-amd64-cygwin\jdk8u171\10807\hotspot\src\share\vm\prims\jni.cpp, line 735]
Event: 333.694 Thread 0x00000000035fd800 Exception <a 'java/net/SocketTimeoutException': Read timed out> (0x00000000d6cf7628) thrown at [C:\re\workspace\8-2-build-windows-amd64-cygwin\jdk8u171\10807\hotspot\src\share\vm\prims\jni.cpp, line 735]
Event: 333.969 Thread 0x00000000035fd800 Exception <a 'java/net/SocketTimeoutException': Read timed out> (0x00000000d6d1aa58) thrown at [C:\re\workspace\8-2-build-windows-amd64-cygwin\jdk8u171\10807\hotspot\src\share\vm\prims\jni.cpp, line 735]
Event: 334.253 Thread 0x00000000035fd800 Exception <a 'java/lang/reflect/InvocationTargetException'> (0x00000000d6d3e208) thrown at [C:\re\workspace\8-2-build-windows-amd64-cygwin\jdk8u171\10807\hotspot\src\share\vm\runtime\reflection.cpp, line 1092]
Event: 334.290 Thread 0x00000000035fd800 Exception <a 'java/net/SocketTimeoutException': Read timed out> (0x00000000d6da03e8) thrown at [C:\re\workspace\8-2-build-windows-amd64-cygwin\jdk8u171\10807\hotspot\src\share\vm\prims\jni.cpp, line 735]
Event: 335.088 Thread 0x00000000035fd800 Exception <a 'java/net/SocketTimeoutException': Read timed out> (0x00000000d6df9020) thrown at [C:\re\workspace\8-2-build-windows-amd64-cygwin\jdk8u171\10807\hotspot\src\share\vm\prims\jni.cpp, line 735]
Event: 335.884 Thread 0x00000000035fd800 Exception <a 'java/net/SocketTimeoutException': Read timed out> (0x00000000d6e1baa0) thrown at [C:\re\workspace\8-2-build-windows-amd64-cygwin\jdk8u171\10807\hotspot\src\share\vm\prims\jni.cpp, line 735]
Event: 336.679 Thread 0x00000000035fd800 Exception <a 'java/net/SocketTimeoutException': Read timed out> (0x00000000d6e3e520) thrown at [C:\re\workspace\8-2-build-windows-amd64-cygwin\jdk8u171\10807\hotspot\src\share\vm\prims\jni.cpp, line 735]
Event: 337.464 Thread 0x00000000035fd800 Exception <a 'java/net/SocketTimeoutException': Read timed out> (0x00000000d6e60fa0) thrown at [C:\re\workspace\8-2-build-windows-amd64-cygwin\jdk8u171\10807\hotspot\src\share\vm\prims\jni.cpp, line 735]
Event: 338.349 Thread 0x00000000035fd800 Exception <a 'java/net/SocketTimeoutException': Read timed out> (0x00000000d6e83a30) thrown at [C:\re\workspace\8-2-build-windows-amd64-cygwin\jdk8u171\10807\hotspot\src\share\vm\prims\jni.cpp, line 735]

Events (10 events):
Event: 334.268 Thread 0x00000000031d8800 flushing nmethod 0x0000000007202750
Event: 334.270 loading class org/testng/internal/DynamicGraph$Status
Event: 334.271 loading class org/testng/internal/DynamicGraph$Status done
Event: 334.272 loading class org/testng/internal/DynamicGraph$1
Event: 334.272 loading class org/testng/internal/DynamicGraph$1 done
Event: 334.273 Thread 0x00000000035fd800 Uncommon trap: trap_request=0xffffff65 fr.pc=0x00000000073e1564
Event: 334.273 Thread 0x00000000035fd800 DEOPT PACKING pc=0x00000000073e1564 sp=0x000000001abce580
Event: 334.273 Thread 0x00000000035fd800 DEOPT UNPACKING pc=0x0000000006bf583b sp=0x000000001abce5b0 mode 2
Event: 334.275 loading class Portal_Pages/HomePage
Event: 334.283 loading class Portal_Pages/HomePage done


Dynamic libraries:
0x00007ff687e50000 - 0x00007ff687e87000 	C:\Program Files\Java\jre1.8.0_171\bin\javaw.exe
0x00007ffeca9f0000 - 0x00007ffecabcb000 	C:\windows\SYSTEM32\ntdll.dll
0x00007ffec9ec0000 - 0x00007ffec9f6e000 	C:\windows\System32\KERNEL32.DLL
0x00007ffec7ac0000 - 0x00007ffec7d0a000 	C:\windows\System32\KERNELBASE.dll
0x00007ffec5020000 - 0x00007ffec509e000 	C:\windows\SYSTEM32\apphelp.dll
0x00007ffeb21f0000 - 0x00007ffeb2247000 	C:\windows\AppPatch\AppPatch64\AcGenral.DLL
0x00007ffeca940000 - 0x00007ffeca9dd000 	C:\windows\System32\msvcrt.dll
0x00007ffeca0e0000 - 0x00007ffeca139000 	C:\windows\System32\sechost.dll
0x00007ffeca530000 - 0x00007ffeca655000 	C:\windows\System32\RPCRT4.dll
0x00007ffeca660000 - 0x00007ffeca6b1000 	C:\windows\System32\SHLWAPI.dll
0x00007ffeca1b0000 - 0x00007ffeca4a9000 	C:\windows\System32\combase.dll
0x00007ffec7220000 - 0x00007ffec7316000 	C:\windows\System32\ucrtbase.dll
0x00007ffec7100000 - 0x00007ffec716a000 	C:\windows\System32\bcryptPrimitives.dll
0x00007ffec8060000 - 0x00007ffec8087000 	C:\windows\System32\GDI32.dll
0x00007ffec6f10000 - 0x00007ffec7098000 	C:\windows\System32\gdi32full.dll
0x00007ffec7320000 - 0x00007ffec73ba000 	C:\windows\System32\msvcp_win.dll
0x00007ffec8090000 - 0x00007ffec81da000 	C:\windows\System32\USER32.dll
0x00007ffec7f30000 - 0x00007ffec7f4e000 	C:\windows\System32\win32u.dll
0x00007ffeca6c0000 - 0x00007ffeca805000 	C:\windows\System32\ole32.dll
0x00007ffec86a0000 - 0x00007ffec9ad8000 	C:\windows\System32\SHELL32.dll
0x00007ffec7ee0000 - 0x00007ffec7f29000 	C:\windows\System32\cfgmgr32.dll
0x00007ffec9f70000 - 0x00007ffeca01a000 	C:\windows\System32\shcore.dll
0x00007ffec73c0000 - 0x00007ffec7ab1000 	C:\windows\System32\windows.storage.dll
0x00007ffec9af0000 - 0x00007ffec9b91000 	C:\windows\System32\advapi32.dll
0x00007ffec6ed0000 - 0x00007ffec6ee1000 	C:\windows\System32\kernel.appcore.dll
0x00007ffec6e80000 - 0x00007ffec6ecc000 	C:\windows\System32\powrprof.dll
0x00007ffec6ef0000 - 0x00007ffec6f05000 	C:\windows\System32\profapi.dll
0x00007ffec6d90000 - 0x00007ffec6dc0000 	C:\windows\SYSTEM32\SspiCli.dll
0x00007ffec6d60000 - 0x00007ffec6d89000 	C:\windows\SYSTEM32\USERENV.dll
0x00007ffebac50000 - 0x00007ffebac6b000 	C:\windows\SYSTEM32\MPR.dll
0x00007ffeca8b0000 - 0x00007ffeca8dd000 	C:\windows\System32\IMM32.DLL
0x000000005b220000 - 0x000000005b2b5000 	C:\windows\System32\SYSFER.DLL
0x0000000180000000 - 0x0000000180049000 	C:\Users\Shreya.upadhyay\AppData\LocalLow\Cognitas\csathl64.dll
0x00007ffeca140000 - 0x00007ffeca1ac000 	C:\windows\System32\WS2_32.dll
0x00007ffebc250000 - 0x00007ffebc4b7000 	C:\windows\WinSxS\amd64_microsoft.windows.common-controls_6595b64144ccf1df_6.0.15063.1155_none_40c7922129a7722b\COMCTL32.dll
0x00007ffec6bc0000 - 0x00007ffec6d30000 	C:\Program Files\Avecto\Privilege Guard Client\PGHook.dll
0x00007ffec6b00000 - 0x00007ffec6b17000 	C:\windows\SYSTEM32\CRYPTSP.dll
0x00007ffec6ac0000 - 0x00007ffec6af4000 	C:\windows\system32\rsaenh.dll
0x00007ffec6d30000 - 0x00007ffec6d55000 	C:\windows\SYSTEM32\bcrypt.dll
0x00007ffec6a90000 - 0x00007ffec6a9b000 	C:\windows\SYSTEM32\CRYPTBASE.dll
0x0000000068000000 - 0x0000000068066000 	C:\windows\System32\QIPCAP64.dll
0x00007ffec6350000 - 0x00007ffec63f4000 	C:\windows\SYSTEM32\DNSAPI.dll
0x00007ffeca9e0000 - 0x00007ffeca9e8000 	C:\windows\System32\NSI.dll
0x00007ffec6300000 - 0x00007ffec6337000 	C:\windows\SYSTEM32\IPHLPAPI.DLL
0x00007ffeb9de0000 - 0x00007ffeb9e4a000 	C:\Program Files\Manufacturer\Endpoint Agent\prntm64.dll
0x00007ffeca020000 - 0x00007ffeca0e0000 	C:\windows\System32\OLEAUT32.dll
0x00007ffebac70000 - 0x00007ffebac7c000 	C:\windows\SYSTEM32\Secur32.dll
0x00007ffebc1c0000 - 0x00007ffebc24b000 	C:\windows\SYSTEM32\WINSPOOL.DRV
0x00007ffebaca0000 - 0x00007ffebad8f000 	C:\windows\SYSTEM32\MSVCR120.dll
0x00007ffebadb0000 - 0x00007ffebae56000 	C:\windows\SYSTEM32\MSVCP120.dll
0x00000000588c0000 - 0x0000000058992000 	C:\Program Files\Java\jre1.8.0_171\bin\msvcr100.dll
0x0000000058b40000 - 0x00000000593e0000 	C:\Program Files\Java\jre1.8.0_171\bin\server\jvm.dll
0x00007ffec9ae0000 - 0x00007ffec9ae8000 	C:\windows\System32\PSAPI.DLL
0x00007ffebabe0000 - 0x00007ffebabe9000 	C:\windows\SYSTEM32\WSOCK32.dll
0x00007ffeba0f0000 - 0x00007ffeba113000 	C:\windows\SYSTEM32\WINMM.dll
0x00007ffebd770000 - 0x00007ffebd77a000 	C:\windows\SYSTEM32\VERSION.dll
0x00007ffeb9d90000 - 0x00007ffeb9dbb000 	C:\windows\SYSTEM32\WINMMBASE.dll
0x0000000059ae0000 - 0x0000000059aef000 	C:\Program Files\Java\jre1.8.0_171\bin\verify.dll
0x0000000059560000 - 0x0000000059589000 	C:\Program Files\Java\jre1.8.0_171\bin\java.dll
0x00000000006d0000 - 0x0000000000701000 	C:\windows\SYSTEM32\jvmhook.dll
0x00007ffebecc0000 - 0x00007ffebecf1000 	C:\windows\SYSTEM32\atl110.DLL
0x00007ffeab2c0000 - 0x00007ffeab367000 	C:\windows\SYSTEM32\MSVCP110.dll
0x00007ffeab370000 - 0x00007ffeab444000 	C:\windows\SYSTEM32\MSVCR110.dll
0x0000000059ac0000 - 0x0000000059ad6000 	C:\Program Files\Java\jre1.8.0_171\bin\zip.dll
0x0000000059640000 - 0x000000005965a000 	C:\Program Files\Java\jre1.8.0_171\bin\net.dll
0x00007ffec6560000 - 0x00007ffec65bc000 	C:\windows\system32\mswsock.dll
0x00007ffea2230000 - 0x00007ffea2246000 	C:\windows\system32\napinsp.dll
0x00007ffea13a0000 - 0x00007ffea13ba000 	C:\windows\system32\pnrpnsp.dll
0x00007ffec4ac0000 - 0x00007ffec4ad8000 	C:\windows\system32\NLAapi.dll
0x00007ffec2440000 - 0x00007ffec244e000 	C:\windows\System32\winrnr.dll
0x00007ffec2450000 - 0x00007ffec2465000 	C:\windows\System32\wshbth.dll
0x00007ffec2800000 - 0x00007ffec286b000 	C:\windows\System32\fwpuclnt.dll
0x00007ffebf7a0000 - 0x00007ffebf7aa000 	C:\Windows\System32\rasadhlp.dll
0x00007ffec1be0000 - 0x00007ffec1bf6000 	C:\windows\SYSTEM32\dhcpcsvc6.DLL
0x00007ffec1bc0000 - 0x00007ffec1bda000 	C:\windows\SYSTEM32\dhcpcsvc.DLL
0x0000000059540000 - 0x0000000059551000 	C:\Program Files\Java\jre1.8.0_171\bin\nio.dll
0x0000000059610000 - 0x0000000059634000 	C:\Program Files\Java\jre1.8.0_171\bin\sunec.dll
0x0000000059b80000 - 0x0000000059b8b000 	C:\Program Files\Java\jre1.8.0_171\bin\sunmscapi.dll
0x00000000041d0000 - 0x0000000004399000 	C:\windows\System32\CRYPT32.dll
0x00007ffec6e60000 - 0x00007ffec6e71000 	C:\windows\System32\MSASN1.dll

VM Arguments:
jvm_args: -agentlib:jvmhook -ea -Dfile.encoding=Cp1252 -Xrunjvmhook -Xbootclasspath/a:C:\Program Files (x86)\HP\Unified Functional Testing\bin\java_shared\classes;C:\Program Files (x86)\HP\Unified Functional Testing\bin\java_shared\classes\jasmine.jar 
java_command: org.testng.remote.RemoteTestNG -serport 63450 -protocol json -d C:\Users\Shreya.upadhyay\eclipse-workspace\BP_Project\test-output C:\Users\Shreya.upadhyay\eclipse-workspace\BP_Project\Testing.xml
java_class_path (initial): C:\Users\Shreya.upadhyay\eclipse\java-photon\eclipse\configuration\org.eclipse.osgi\526\0\.cp\lib\testng-remote.jar;C:\Program Files\Java\jre1.8.0_171\lib\resources.jar;C:\Program Files\Java\jre1.8.0_171\lib\rt.jar;C:\Program Files\Java\jre1.8.0_171\lib\jsse.jar;C:\Program Files\Java\jre1.8.0_171\lib\jce.jar;C:\Program Files\Java\jre1.8.0_171\lib\charsets.jar;C:\Program Files\Java\jre1.8.0_171\lib\jfr.jar;C:\Program Files (x86)\HP\Unified Functional Testing\bin\java_shared\classes\jasmine.jar;C:\Program Files\Java\jre1.8.0_171\lib\ext\access-bridge-64.jar;C:\Program Files\Java\jre1.8.0_171\lib\ext\cldrdata.jar;C:\Program Files\Java\jre1.8.0_171\lib\ext\dnsns.jar;C:\Program Files\Java\jre1.8.0_171\lib\ext\jaccess.jar;C:\Program Files\Java\jre1.8.0_171\lib\ext\jfxrt.jar;C:\Program Files\Java\jre1.8.0_171\lib\ext\localedata.jar;C:\Program Files\Java\jre1.8.0_171\lib\ext\nashorn.jar;C:\Program Files\Java\jre1.8.0_171\lib\ext\sunec.jar;C:\Program Files\Java\jre1.8.0_171\lib\ext\sunjce_provider.jar;C:\Program Files\Java\jre1.8.0_171\lib\ext\sunmscapi.jar;C:\Program Files\Java\jre1.8.0_171\lib\ext\sunpkcs11.jar;C:\Program Files\Java\jre1.8.0_171\lib\ext\zipfs.jar;C:\Users\Shreya.upadhyay\eclipse-workspace\BP_Project\bin;C:\Users\Shreya.upadhyay\Downloads\selenium-java-3.14.0\libs\byte-buddy-1.8.15.jar;C:\Users\Shreya.upadhyay\Downloads\selenium-java-3.14.0\libs\commons-codec-1.10.jar;C:\Users\Shreya.upadhyay\Downloads\selenium-java-3.14.0\libs\commons-exec-1.3.jar;C:\Users\Shreya.upadhyay\Downloads\selenium-java-3.14.0\libs\commons-logging-1.2.jar;C:\Users\Shreya.upadhyay\Downloads\selenium-java-3.14.0\libs\guava-25.0-jre.jar;C:\Users\Shreya.upadhyay\Downloads\selenium-java-3.14.0\libs\httpclient-4.5.5.jar;C:\Users\Shreya.upadhyay\Downloads\selenium-java-3.14.0\libs\httpcore-4.4.9.jar;C:\Users\Shreya.upadhyay\Downloads\selenium-java-3.14.0\libs\okhttp-3.10.0.jar;C:\Users\Shreya.upadhyay\Downloads\selenium-java-3.14.0\libs\okio-1.14.1.jar;C:\Use
Launcher Type: SUN_STANDARD

Environment Variables:
JAVA_TOOL_OPTIONS=-agentlib:jvmhook
_JAVA_OPTIONS=-Xrunjvmhook -Xbootclasspath/a:"C:\Program Files (x86)\HP\Unified Functional Testing\bin\java_shared\classes";"C:\Program Files (x86)\HP\Unified Functional Testing\bin\java_shared\classes\jasmine.jar"
PATH=C:/Program Files/Java/jre1.8.0_171/bin/server;C:/Program Files/Java/jre1.8.0_171/bin;C:/Program Files/Java/jre1.8.0_171/lib/amd64;C:\Program Files\CyberSafe\bin;C:\Program Files (x86)\CyberSafe\bin;C:\Program Files (x86)\Common Files\Oracle\Java\javapath;C:\ProgramData\Oracle\Java\javapath;C:\windows\system32;C:\windows;C:\windows\System32\Wbem;C:\windows\System32\WindowsPowerShell\v1.0\;C:\Program Files (x86)\HP\Unified Functional Testing\bin;C:\Users\Shreya.upadhyay\AppData\Local\Microsoft\WindowsApps;;C:\windows\system32;;C:\Program Files (x86)\HP\Unified Functional Testing\\bin64
USERNAME=shreya.upadhyay
OS=Windows_NT
PROCESSOR_IDENTIFIER=Intel64 Family 6 Model 142 Stepping 9, GenuineIntel



---------------  S Y S T E M  ---------------

OS: Windows 10.0 , 64 bit Build 15063 (10.0.15063.1058)

CPU:total 4 (initial active 4) (2 cores per cpu, 2 threads per core) family 6 model 142 stepping 9, cmov, cx8, fxsr, mmx, sse, sse2, sse3, ssse3, sse4.1, sse4.2, popcnt, avx, avx2, aes, clmul, erms, rtm, 3dnowpref, lzcnt, ht, tsc, tscinvbit, bmi1, bmi2, adx

Memory: 4k page, physical 8267884k(1815504k free), swap 10218604k(4264k free)

vm_info: Java HotSpot(TM) 64-Bit Server VM (25.171-b11) for windows-amd64 JRE (1.8.0_171-b11), built on Mar 28 2018 16:06:12 by "java_re" with MS VC++ 10.0 (VS2010)

time: Mon Oct 15 12:18:44 2018
elapsed time: 338 seconds (0d 0h 5m 38s)

