#
# There is insufficient memory for the Java Runtime Environment to continue.
# Native memory allocation (malloc) failed to allocate 1792 bytes for AllocateHeap
# Possible reasons:
#   The system is out of physical RAM or swap space
#   In 32 bit mode, the process size limit was hit
# Possible solutions:
#   Reduce memory load on the system
#   Increase physical memory or swap space
#   Check if swap backing store is full
#   Use 64 bit Java on a 64 bit OS
#   Decrease Java heap size (-Xmx/-Xms)
#   Decrease number of Java threads
#   Decrease Java thread stack sizes (-Xss)
#   Set larger code cache with -XX:ReservedCodeCacheSize=
# This output file may be truncated or incomplete.
#
#  Out of Memory Error (memory/allocation.inline.hpp:61), pid=26176, tid=0x0000000000003f5c
#
# JRE version: Java(TM) SE Runtime Environment (8.0_181-b13) (build 1.8.0_181-b13)
# Java VM: Java HotSpot(TM) 64-Bit Server VM (25.181-b13 mixed mode windows-amd64 compressed oops)
# Failed to write core dump. Minidumps are not enabled by default on client versions of Windows
#

---------------  T H R E A D  ---------------

Current thread (0x00000000030dd800):  GCTaskThread [stack: 0x0000000003e20000,0x0000000003f20000] [id=16220]

Stack: [0x0000000003e20000,0x0000000003f20000]
[error occurred during error reporting (printing stack bounds), id 0xc0000005]

Native frames: (J=compiled Java code, j=interpreted, Vv=VM code, C=native code)

JavaThread 0x00000000030c4800 (nid = 15812) was being processed
Java frames: (J=compiled Java code, j=interpreted, Vv=VM code)
j  java.lang.ClassLoader.defineClass1(Ljava/lang/String;[BIILjava/security/ProtectionDomain;Ljava/lang/String;)Ljava/lang/Class;+0
j  java.lang.ClassLoader.defineClass(Ljava/lang/String;[BIILjava/security/ProtectionDomain;)Ljava/lang/Class;+27
j  java.security.SecureClassLoader.defineClass(Ljava/lang/String;[BIILjava/security/CodeSource;)Ljava/lang/Class;+12
j  java.net.URLClassLoader.defineClass(Ljava/lang/String;Lsun/misc/Resource;)Ljava/lang/Class;+138
j  java.net.URLClassLoader.access$100(Ljava/net/URLClassLoader;Ljava/lang/String;Lsun/misc/Resource;)Ljava/lang/Class;+3
j  java.net.URLClassLoader$1.run()Ljava/lang/Class;+43
j  java.net.URLClassLoader$1.run()Ljava/lang/Object;+1
v  ~StubRoutines::call_stub
j  java.security.AccessController.doPrivileged(Ljava/security/PrivilegedExceptionAction;Ljava/security/AccessControlContext;)Ljava/lang/Object;+0
j  java.net.URLClassLoader.findClass(Ljava/lang/String;)Ljava/lang/Class;+13
j  java.lang.ClassLoader.loadClass(Ljava/lang/String;Z)Ljava/lang/Class;+70
j  sun.misc.Launcher$AppClassLoader.loadClass(Ljava/lang/String;Z)Ljava/lang/Class;+81
j  java.lang.ClassLoader.loadClass(Ljava/lang/String;)Ljava/lang/Class;+3
j  sun.launcher.LauncherHelper.checkAndLoadMain(ZILjava/lang/String;)Ljava/lang/Class;+93
v  ~StubRoutines::call_stub

---------------  P R O C E S S  ---------------

Java Threads: ( => current thread )
  0x0000000004e3e000 JavaThread "Service Thread" daemon [_thread_blocked, id=14420, stack(0x0000000006b40000,0x0000000006c40000)]
  0x0000000004ded800 JavaThread "C1 CompilerThread2" daemon [_thread_blocked, id=16940, stack(0x0000000006640000,0x0000000006740000)]
  0x0000000004de9000 JavaThread "C2 CompilerThread1" daemon [_thread_blocked, id=12840, stack(0x0000000006540000,0x0000000006640000)]
  0x0000000004de3000 JavaThread "C2 CompilerThread0" daemon [_thread_blocked, id=27060, stack(0x0000000006440000,0x0000000006540000)]
  0x0000000004de1800 JavaThread "Attach Listener" daemon [_thread_blocked, id=19344, stack(0x0000000006340000,0x0000000006440000)]
  0x0000000004de0000 JavaThread "Signal Dispatcher" daemon [_thread_blocked, id=25392, stack(0x0000000006240000,0x0000000006340000)]
  0x0000000004dd0000 JavaThread "Finalizer" daemon [_thread_blocked, id=12560, stack(0x0000000006040000,0x0000000006140000)]
  0x00000000031b5000 JavaThread "Reference Handler" daemon [_thread_blocked, id=5836, stack(0x0000000005f40000,0x0000000006040000)]
  0x00000000030c4800 JavaThread "main" [_thread_blocked, id=15812, stack(0x0000000002f90000,0x0000000003090000)]

Other Threads:
  0x0000000004da8000 VMThread [stack: 0x0000000005e40000,0x0000000005f40000] [id=14200]
  0x0000000006792000 WatcherThread [stack: 0x0000000006c40000,0x0000000006d40000] [id=26616]

=>0x00000000030dd800 (exited) GCTaskThread [stack: 0x0000000003e20000,0x0000000003f20000] [id=16220]

VM state:at safepoint (normal execution)

VM Mutex/Monitor currently owned by a thread:  ([mutex/lock_event])
[0x000000000751eae0] OopMapCacheAlloc_lock - owner thread: 0x00000000030dd800
[0x00000000030c11d0] Threads_lock - owner thread: 0x0000000004da8000
[0x00000000030c0bd0] Heap_lock - owner thread: 0x00000000030c4800

Heap:
 PSYoungGen      total 37888K, used 1310K [0x00000000d6100000, 0x00000000d8b00000, 0x0000000100000000)
  eden space 32768K, 4% used [0x00000000d6100000,0x00000000d6247b08,0x00000000d8100000)
  from space 5120K, 0% used [0x00000000d8600000,0x00000000d8600000,0x00000000d8b00000)
  to   space 5120K, 8% used [0x00000000d8100000,0x00000000d8170000,0x00000000d8600000)
 ParOldGen       total 86016K, used 8K [0x0000000082200000, 0x0000000087600000, 0x00000000d6100000)
  object space 86016K, 0% used [0x0000000082200000,0x0000000082202000,0x0000000087600000)
 Metaspace       used 2836K, capacity 4480K, committed 4480K, reserved 1062912K
  class space    used 316K, capacity 384K, committed 384K, reserved 1048576K

Card table byte_map: [0x0000000003590000,0x0000000003980000] byte_map_base: 0x000000000317f000

Marking Bits: (ParMarkBitMap*) 0x000000006eb92d00
 Begin Bits: [0x0000000016520000, 0x0000000018498000)
 End Bits:   [0x0000000018498000, 0x000000001a410000)

Polling page: 0x0000000003090000

CodeCache: size=245760Kb used=1118Kb max_used=1118Kb free=244641Kb
 bounds [0x0000000007520000, 0x0000000007790000, 0x0000000016520000]
 total_blobs=268 nmethods=33 adapters=148
 compilation: enabled

Compilation events (10 events):
Event: 0.301 Thread 0x0000000004ded800   29       1       java.lang.Object::<init> (1 bytes)
Event: 0.301 Thread 0x0000000004ded800 nmethod 29 0x0000000007635cd0 code [0x0000000007635e20, 0x0000000007635f30]
Event: 0.311 Thread 0x0000000004ded800   30       3       java.lang.String::<init> (82 bytes)
Event: 0.311 Thread 0x0000000004ded800 nmethod 30 0x0000000007636190 code [0x0000000007636360, 0x0000000007636858]
Event: 0.311 Thread 0x0000000004ded800   33       1       java.lang.CharacterDataLatin1::getProperties (11 bytes)
Event: 0.311 Thread 0x0000000004ded800 nmethod 33 0x0000000007636ad0 code [0x0000000007636c20, 0x0000000007636d70]
Event: 0.311 Thread 0x0000000004ded800   31       3       java.lang.Character::toUpperCaseEx (30 bytes)
Event: 0.311 Thread 0x0000000004ded800 nmethod 31 0x0000000007636e50 code [0x0000000007636fc0, 0x0000000007637218]
Event: 0.311 Thread 0x0000000004ded800   32       3       java.lang.CharacterDataLatin1::toUpperCaseEx (71 bytes)
Event: 0.311 Thread 0x0000000004ded800 nmethod 32 0x00000000076372d0 code [0x0000000007637440, 0x00000000076376f0]

GC Heap History (1 events):
Event: 0.314 GC heap before
{Heap before GC invocations=1 (full 0):
 PSYoungGen      total 37888K, used 1310K [0x00000000d6100000, 0x00000000d8b00000, 0x0000000100000000)
  eden space 32768K, 4% used [0x00000000d6100000,0x00000000d6247b08,0x00000000d8100000)
  from space 5120K, 0% used [0x00000000d8600000,0x00000000d8600000,0x00000000d8b00000)
  to   space 5120K, 0% used [0x00000000d8100000,0x00000000d8100000,0x00000000d8600000)
 ParOldGen       total 86016K, used 0K [0x0000000082200000, 0x0000000087600000, 0x00000000d6100000)
  object space 86016K, 0% used [0x0000000082200000,0x0000000082200000,0x0000000087600000)
 Metaspace       used 2836K, capacity 4480K, committed 4480K, reserved 1062912K
  class space    used 316K, capacity 384K, committed 384K, reserved 1048576K

Deoptimization events (0 events):
No events

Classes redefined (0 events):
No events

Internal exceptions (2 events):
Event: 0.106 Thread 0x00000000030c4800 Exception <a 'java/lang/NoSuchMethodError': Method sun.misc.Unsafe.defineClass(Ljava/lang/String;[BII)Ljava/lang/Class; name or signature does not match> (0x00000000d6107cb0) thrown at [C:\re\workspace\8-2-build-windows-amd64-cygwin\jdk8u181\11358\hotspot
Event: 0.106 Thread 0x00000000030c4800 Exception <a 'java/lang/NoSuchMethodError': Method sun.misc.Unsafe.prefetchRead(Ljava/lang/Object;J)V name or signature does not match> (0x00000000d6107f98) thrown at [C:\re\workspace\8-2-build-windows-amd64-cygwin\jdk8u181\11358\hotspot\src\share\vm\prim

Events (10 events):
Event: 0.313 loading class java/io/FilePermission$1 done
Event: 0.313 loading class java/io/FilePermissionCollection
Event: 0.313 loading class java/io/FilePermissionCollection done
Event: 0.313 loading class java/security/AllPermission
Event: 0.314 loading class java/security/AllPermission done
Event: 0.314 loading class java/security/UnresolvedPermission
Event: 0.314 loading class java/security/UnresolvedPermission done
Event: 0.314 loading class java/security/BasicPermissionCollection
Event: 0.314 loading class java/security/BasicPermissionCollection done
Event: 0.314 Executing VM operation: CollectForMetadataAllocation


Dynamic libraries:
0x00007ff6582d0000 - 0x00007ff658307000 	C:\Program Files\Java\jre1.8.0_181\bin\javaw.exe
0x00007ffeba110000 - 0x00007ffeba2f1000 	C:\WINDOWS\SYSTEM32\ntdll.dll
0x00007ffeb89e0000 - 0x00007ffeb8a92000 	C:\WINDOWS\System32\KERNEL32.DLL
0x00007ffeb6760000 - 0x00007ffeb69d3000 	C:\WINDOWS\System32\KERNELBASE.dll
0x00007ffeb3980000 - 0x00007ffeb3a0b000 	C:\WINDOWS\SYSTEM32\apphelp.dll
0x00007ffeabde0000 - 0x00007ffeabe39000 	C:\WINDOWS\SYSTEM32\AcGenral.DLL
0x00007ffeb8d30000 - 0x00007ffeb8dce000 	C:\WINDOWS\System32\msvcrt.dll
0x00007ffeb8e50000 - 0x00007ffeb8eab000 	C:\WINDOWS\System32\sechost.dll
0x00007ffeb9510000 - 0x00007ffeb9634000 	C:\WINDOWS\System32\RPCRT4.dll
0x00007ffeb9cf0000 - 0x00007ffeb9d41000 	C:\WINDOWS\System32\SHLWAPI.dll
0x00007ffeb9820000 - 0x00007ffeb9b43000 	C:\WINDOWS\System32\combase.dll
0x00007ffeb69e0000 - 0x00007ffeb6ada000 	C:\WINDOWS\System32\ucrtbase.dll
0x00007ffeb64e0000 - 0x00007ffeb655a000 	C:\WINDOWS\System32\bcryptPrimitives.dll
0x00007ffeb8de0000 - 0x00007ffeb8e08000 	C:\WINDOWS\System32\GDI32.dll
0x00007ffeb7400000 - 0x00007ffeb7592000 	C:\WINDOWS\System32\gdi32full.dll
0x00007ffeb66c0000 - 0x00007ffeb675f000 	C:\WINDOWS\System32\msvcp_win.dll
0x00007ffeb9380000 - 0x00007ffeb9510000 	C:\WINDOWS\System32\USER32.dll
0x00007ffeb6ae0000 - 0x00007ffeb6b00000 	C:\WINDOWS\System32\win32u.dll
0x00007ffeb9e10000 - 0x00007ffeb9f61000 	C:\WINDOWS\System32\ole32.dll
0x00007ffeb75a0000 - 0x00007ffeb89e0000 	C:\WINDOWS\System32\SHELL32.dll
0x00007ffeb6560000 - 0x00007ffeb65a9000 	C:\WINDOWS\System32\cfgmgr32.dll
0x00007ffeb9fd0000 - 0x00007ffeba079000 	C:\WINDOWS\System32\shcore.dll
0x00007ffeb6cf0000 - 0x00007ffeb73fd000 	C:\WINDOWS\System32\windows.storage.dll
0x00007ffeb9d50000 - 0x00007ffeb9df1000 	C:\WINDOWS\System32\advapi32.dll
0x00007ffeb6470000 - 0x00007ffeb6481000 	C:\WINDOWS\System32\kernel.appcore.dll
0x00007ffeb64c0000 - 0x00007ffeb64df000 	C:\WINDOWS\System32\profapi.dll
0x00007ffeb6420000 - 0x00007ffeb646c000 	C:\WINDOWS\System32\powrprof.dll
0x00007ffeb6490000 - 0x00007ffeb649a000 	C:\WINDOWS\System32\FLTLIB.DLL
0x00007ffeb6320000 - 0x00007ffeb6350000 	C:\WINDOWS\SYSTEM32\SspiCli.dll
0x00007ffeb6350000 - 0x00007ffeb6378000 	C:\WINDOWS\SYSTEM32\USERENV.dll
0x00007ffea9570000 - 0x00007ffea958a000 	C:\WINDOWS\SYSTEM32\MPR.dll
0x00007ffeb8e20000 - 0x00007ffeb8e4d000 	C:\WINDOWS\System32\IMM32.DLL
0x0000000072040000 - 0x00000000720d5000 	C:\WINDOWS\System32\SYSFER.DLL
0x0000000070830000 - 0x0000000070b4b000 	C:\ProgramData\Symantec\Symantec Endpoint Protection\14.0.3876.1100.105\Data\Definitions\IPSDefs\20181105.061\IPSEng64.dll
0x00007ffeb8dd0000 - 0x00007ffeb8dd8000 	C:\WINDOWS\System32\PSAPI.DLL
0x00007ffeac230000 - 0x00007ffeac499000 	C:\WINDOWS\WinSxS\amd64_microsoft.windows.common-controls_6595b64144ccf1df_6.0.17134.112_none_fb3f961b30681c12\COMCTL32.dll
0x00007ffeb51e0000 - 0x00007ffeb5350000 	C:\Program Files\Avecto\Privilege Guard Client\PGHook.dll
0x00007ffeb5e50000 - 0x00007ffeb5e67000 	C:\WINDOWS\SYSTEM32\CRYPTSP.dll
0x00007ffeb5650000 - 0x00007ffeb5683000 	C:\WINDOWS\system32\rsaenh.dll
0x00007ffeb5f80000 - 0x00007ffeb5fa5000 	C:\WINDOWS\SYSTEM32\bcrypt.dll
0x00007ffeb5e70000 - 0x00007ffeb5e7b000 	C:\WINDOWS\SYSTEM32\CRYPTBASE.dll
0x0000000068000000 - 0x0000000068066000 	C:\WINDOWS\System32\QIPCAP64.dll
0x00007ffeb5a70000 - 0x00007ffeb5b2e000 	C:\WINDOWS\SYSTEM32\DNSAPI.dll
0x00007ffeb9640000 - 0x00007ffeb96ac000 	C:\WINDOWS\System32\WS2_32.dll
0x00007ffeb9e00000 - 0x00007ffeb9e08000 	C:\WINDOWS\System32\NSI.dll
0x00007ffeb5a20000 - 0x00007ffeb5a58000 	C:\WINDOWS\SYSTEM32\IPHLPAPI.DLL
0x00007ffe92020000 - 0x00007ffe9208a000 	C:\Program Files\Manufacturer\Endpoint Agent\prntm64.dll
0x00007ffeb9750000 - 0x00007ffeb9812000 	C:\WINDOWS\System32\OLEAUT32.dll
0x00007ffeab210000 - 0x00007ffeab21c000 	C:\WINDOWS\SYSTEM32\Secur32.dll
0x00007ffeac4a0000 - 0x00007ffeac524000 	C:\WINDOWS\SYSTEM32\WINSPOOL.DRV
0x00007ffea69c0000 - 0x00007ffea6aaf000 	C:\WINDOWS\SYSTEM32\MSVCR120.dll
0x00007ffea5c50000 - 0x00007ffea5cf6000 	C:\WINDOWS\SYSTEM32\MSVCP120.dll
0x00007ffeb4010000 - 0x00007ffeb41c4000 	C:\WINDOWS\SYSTEM32\PROPSYS.dll
0x0000000071050000 - 0x0000000071122000 	C:\Program Files\Java\jre1.8.0_181\bin\msvcr100.dll
0x000000006e370000 - 0x000000006ec12000 	C:\Program Files\Java\jre1.8.0_181\bin\server\jvm.dll
0x00007ffeab100000 - 0x00007ffeab109000 	C:\WINDOWS\SYSTEM32\WSOCK32.dll
0x00007ffeab5a0000 - 0x00007ffeab5c3000 	C:\WINDOWS\SYSTEM32\WINMM.dll
0x00007ffeac540000 - 0x00007ffeac54a000 	C:\WINDOWS\SYSTEM32\VERSION.dll
0x00007ffeab570000 - 0x00007ffeab59a000 	C:\WINDOWS\SYSTEM32\WINMMBASE.dll
0x0000000071040000 - 0x000000007104f000 	C:\Program Files\Java\jre1.8.0_181\bin\verify.dll
0x0000000071010000 - 0x0000000071039000 	C:\Program Files\Java\jre1.8.0_181\bin\java.dll
0x0000000180000000 - 0x0000000180031000 	C:\WINDOWS\SYSTEM32\jvmhook.dll
0x00007ffe7ee80000 - 0x00007ffe7eeb1000 	C:\WINDOWS\SYSTEM32\atl110.DLL
0x00007ffe9bd70000 - 0x00007ffe9be17000 	C:\WINDOWS\SYSTEM32\MSVCP110.dll
0x00007ffe9be20000 - 0x00007ffe9bef4000 	C:\WINDOWS\SYSTEM32\MSVCR110.dll
0x0000000070ff0000 - 0x0000000071006000 	C:\Program Files\Java\jre1.8.0_181\bin\zip.dll

VM Arguments:
jvm_args: -agentlib:jvmhook -ea -Dfile.encoding=Cp1252 -Xrunjvmhook -Xbootclasspath/a:C:\Program Files (x86)\HP\Unified Functional Testing\bin\java_shared\classes;C:\Program Files (x86)\HP\Unified Functional Testing\bin\java_shared\classes\jasmine.jar 
java_command: org.testng.remote.RemoteTestNG -serport 56756 -protocol json -d C:\Users\avinash.bl\eclipse-workspace\SISP\test-output C:\Users\avinash.bl\eclipse-workspace\SISP\Testing.xml
java_class_path (initial): C:\Users\avinash.bl\eclipse\java-photon\eclipse\configuration\org.eclipse.osgi\526\0\.cp\lib\testng-remote.jar;C:\Program Files\Java\jre1.8.0_181\lib\resources.jar;C:\Program Files\Java\jre1.8.0_181\lib\rt.jar;C:\Program Files\Java\jre1.8.0_181\lib\jsse.jar;C:\Program Files\Java\jre1.8.0_181\lib\jce.jar;C:\Program Files\Java\jre1.8.0_181\lib\charsets.jar;C:\Program Files\Java\jre1.8.0_181\lib\jfr.jar;C:\Program Files (x86)\HP\Unified Functional Testing\bin\java_shared\classes\jasmine.jar;C:\Program Files\Java\jre1.8.0_181\lib\ext\access-bridge-64.jar;C:\Program Files\Java\jre1.8.0_181\lib\ext\cldrdata.jar;C:\Program Files\Java\jre1.8.0_181\lib\ext\dnsns.jar;C:\Program Files\Java\jre1.8.0_181\lib\ext\jaccess.jar;C:\Program Files\Java\jre1.8.0_181\lib\ext\jfxrt.jar;C:\Program Files\Java\jre1.8.0_181\lib\ext\localedata.jar;C:\Program Files\Java\jre1.8.0_181\lib\ext\nashorn.jar;C:\Program Files\Java\jre1.8.0_181\lib\ext\sunec.jar;C:\Program Files\Java\jre1.8.0_181\lib\ext\sunjce_provider.jar;C:\Program Files\Java\jre1.8.0_181\lib\ext\sunmscapi.jar;C:\Program Files\Java\jre1.8.0_181\lib\ext\sunpkcs11.jar;C:\Program Files\Java\jre1.8.0_181\lib\ext\zipfs.jar;C:\Users\avinash.bl\eclipse-workspace\SISP\bin;C:\Users\avinash.bl\.p2\pool\plugins\org.testng_6.14.2.r201802161450.jar;C:\Users\avinash.bl\.p2\pool\plugins\com.beust.jcommander_1.72.0.jar;C:\Users\avinash.bl\.p2\pool\plugins\org.apache-extras.beanshell.bsh_2.0.0.b6.jar;C:\Users\avinash.bl\.p2\pool\plugins\org.yaml.snakeyaml_1.17.0.jar;C:\Users\avinash.bl\Downloads\selenium-java-3.14.0\client-combined-3.14.0.jar;C:\Users\avinash.bl\Downloads\selenium-java-3.14.0\client-combined-3.14.0-sources.jar;C:\Users\avinash.bl\Downloads\selenium-java-3.14.0\libs\byte-buddy-1.8.15.jar;C:\Users\avinash.bl\Downloads\selenium-java-3.14.0\libs\commons-codec-1.10.jar;C:\Users\avinash.bl\Downloads\selenium-java-3.14.0\libs\commons-exec-1.3.jar;C:\Users\avinash.bl\Downloads\selenium-java-3.14.0\libs\commons-l
Launcher Type: SUN_STANDARD

Environment Variables:
JAVA_HOME=C:\Program Files\Java\jdk1.8.0_181
JAVA_TOOL_OPTIONS=-agentlib:jvmhook
_JAVA_OPTIONS=-Xrunjvmhook -Xbootclasspath/a:"C:\Program Files (x86)\HP\Unified Functional Testing\bin\java_shared\classes";"C:\Program Files (x86)\HP\Unified Functional Testing\bin\java_shared\classes\jasmine.jar"
PATH=C:\Program Files\CyberSafe\bin;C:\Program Files (x86)\CyberSafe\bin;C:\Program Files (x86)\Common Files\Oracle\Java\javapath;C:\WINDOWS\system32;C:\WINDOWS;C:\WINDOWS\System32\Wbem;C:\WINDOWS\System32\WindowsPowerShell\v1.0\;C:\Program Files (x86)\HP\Unified Functional Testing\bin;C:\Program Files\Git\cmd;C:\Program Files\Java\jdk1.8.0_181\bin;;C:\WINDOWS\System32\OpenSSH\;"C:\Users\avinash.bl\AppData\Local\Microsoft\WindowsApps;C:\Program Files\Java\jdk1.8.0_181\bin";;C:\Users\avinash.bl\AppData\Local\Microsoft\WindowsApps;C:\Program Files (x86)\HP\Unified Functional Testing\\bin64
USERNAME=avinash.bl
OS=Windows_NT
PROCESSOR_IDENTIFIER=Intel64 Family 6 Model 142 Stepping 9, GenuineIntel



---------------  S Y S T E M  ---------------

OS: Windows 10.0 , 64 bit Build 17134 (10.0.17134.1)

CPU:total 4 (initial active 4) (2 cores per cpu, 2 threads per core) family 6 model 142 stepping 9, cmov, cx8, fxsr, mmx, sse, sse2, sse3, ssse3, sse4.1, sse4.2, popcnt, avx, avx2, aes, clmul, erms, rtm, 3dnowpref, lzcnt, ht, tsc, tscinvbit, bmi1, bmi2, adx

Memory: 4k page, physical 8246212k(1618776k free), swap 10195908k(2732k free)

vm_info: Java HotSpot(TM) 64-Bit Server VM (25.181-b13) for windows-amd64 JRE (1.8.0_181-b13), built on Jul  7 2018 04:01:33 by "java_re" with MS VC++ 10.0 (VS2010)

time: Tue Nov 06 23:13:12 2018
elapsed time: 0 seconds (0d 0h 0m 0s)

